# JRE version: OpenJDK Runtime Environment (24.0+36) (build 24+36-3646)
# Java VM: OpenJDK 64-Bit Server VM (24+36-3646, mixed mode, sharing, tiered, compressed oops, compressed class ptrs, g1 gc, windows-amd64)
GC Precious Log:
 CardTable entry size: 512
 Card Set container configuration: InlinePtr #cards 5 size 8 Array Of Cards #cards 10 size 36 Howl #buckets 4 coarsen threshold 1843 Howl Bitmap #cards 512 size 80 coarsen threshold 460 Card regions per heap region 1 cards per card region 2048
 CPUs: 8 total, 8 available
 Memory: 7068M
 Large Page Support: Disabled
 NUMA Support: Disabled
 Compressed Oops: Enabled (32-bit)
 Heap Region Size: 1M
 Heap Min Capacity: 8M
 Heap Initial Capacity: 112M
 Heap Max Capacity: 1768M
 Pre-touch: Disabled
 Parallel Workers: 8
 Concurrent Workers: 2
 Concurrent Refinement Workers: 8
 Periodic GC: Disabled
Heap:
 garbage-first heap   total reserved 1810432K, committed 70656K, used 53846K [0x0000000091800000, 0x0000000100000000)
  region size 1024K, 24 young (24576K), 1 survivors (1024K)
 Metaspace       used 78566K, committed 79168K, reserved 1179648K
  class space    used 8209K, committed 8512K, reserved 1048576K
GC Heap History (20 events):
Event: 111.033 GC heap before
{Heap before GC invocations=70 (full 0):
 garbage-first heap   total reserved 1810432K, committed 70656K, used 62998K [0x0000000091800000, 0x0000000100000000)
  region size 1024K, 32 young (32768K), 1 survivors (1024K)
 Metaspace       used 78563K, committed 79168K, reserved 1179648K
  class space    used 8209K, committed 8512K, reserved 1048576K
}
Event: 111.035 GC heap after
{Heap after GC invocations=71 (full 0):
 garbage-first heap   total reserved 1810432K, committed 70656K, used 32265K [0x0000000091800000, 0x0000000100000000)
  region size 1024K, 1 young (1024K), 1 survivors (1024K)
 Metaspace       used 78563K, committed 79168K, reserved 1179648K
  class space    used 8209K, committed 8512K, reserved 1048576K
}
Event: 111.646 GC heap before
{Heap before GC invocations=71 (full 0):
 garbage-first heap   total reserved 1810432K, committed 70656K, used 62985K [0x0000000091800000, 0x0000000100000000)
  region size 1024K, 32 young (32768K), 1 survivors (1024K)
 Metaspace       used 78564K, committed 79168K, reserved 1179648K
  class space    used 8209K, committed 8512K, reserved 1048576K
}
Event: 111.650 GC heap after
{Heap after GC invocations=72 (full 0):
 garbage-first heap   total reserved 1810432K, committed 70656K, used 32311K [0x0000000091800000, 0x0000000100000000)
  region size 1024K, 1 young (1024K), 1 survivors (1024K)
 Metaspace       used 78564K, committed 79168K, reserved 1179648K
  class space    used 8209K, committed 8512K, reserved 1048576K
}
Event: 112.517 GC heap before
{Heap before GC invocations=73 (full 0):
 garbage-first heap   total reserved 1810432K, committed 70656K, used 63031K [0x0000000091800000, 0x0000000100000000)
  region size 1024K, 32 young (32768K), 1 survivors (1024K)
 Metaspace       used 78564K, committed 79168K, reserved 1179648K
  class space    used 8209K, committed 8512K, reserved 1048576K
}
Event: 112.519 GC heap after
{Heap after GC invocations=74 (full 0):
 garbage-first heap   total reserved 1810432K, committed 70656K, used 32261K [0x0000000091800000, 0x0000000100000000)
  region size 1024K, 1 young (1024K), 1 survivors (1024K)
 Metaspace       used 78564K, committed 79168K, reserved 1179648K
  class space    used 8209K, committed 8512K, reserved 1048576K
}
Event: 113.108 GC heap before
{Heap before GC invocations=74 (full 0):
 garbage-first heap   total reserved 1810432K, committed 70656K, used 62981K [0x0000000091800000, 0x0000000100000000)
  region size 1024K, 32 young (32768K), 1 survivors (1024K)
 Metaspace       used 78564K, committed 79168K, reserved 1179648K
  class space    used 8209K, committed 8512K, reserved 1048576K
}
Event: 113.111 GC heap after
{Heap after GC invocations=75 (full 0):
 garbage-first heap   total reserved 1810432K, committed 70656K, used 32300K [0x0000000091800000, 0x0000000100000000)
  region size 1024K, 1 young (1024K), 1 survivors (1024K)
 Metaspace       used 78564K, committed 79168K, reserved 1179648K
  class space    used 8209K, committed 8512K, reserved 1048576K
}
Event: 113.731 GC heap before
{Heap before GC invocations=76 (full 0):
 garbage-first heap   total reserved 1810432K, committed 70656K, used 63020K [0x0000000091800000, 0x0000000100000000)
  region size 1024K, 32 young (32768K), 1 survivors (1024K)
 Metaspace       used 78564K, committed 79168K, reserved 1179648K
  class space    used 8209K, committed 8512K, reserved 1048576K
}
Event: 113.735 GC heap after
{Heap after GC invocations=77 (full 0):
 garbage-first heap   total reserved 1810432K, committed 70656K, used 32433K [0x0000000091800000, 0x0000000100000000)
  region size 1024K, 1 young (1024K), 1 survivors (1024K)
 Metaspace       used 78564K, committed 79168K, reserved 1179648K
  class space    used 8209K, committed 8512K, reserved 1048576K
}
Event: 114.376 GC heap before
{Heap before GC invocations=77 (full 0):
 garbage-first heap   total reserved 1810432K, committed 70656K, used 63153K [0x0000000091800000, 0x0000000100000000)
  region size 1024K, 32 young (32768K), 1 survivors (1024K)
 Metaspace       used 78564K, committed 79168K, reserved 1179648K
  class space    used 8209K, committed 8512K, reserved 1048576K
}
Event: 114.379 GC heap after
{Heap after GC invocations=78 (full 0):
 garbage-first heap   total reserved 1810432K, committed 70656K, used 32435K [0x0000000091800000, 0x0000000100000000)
  region size 1024K, 1 young (1024K), 1 survivors (1024K)
 Metaspace       used 78564K, committed 79168K, reserved 1179648K
  class space    used 8209K, committed 8512K, reserved 1048576K
}
Event: 115.107 GC heap before
{Heap before GC invocations=79 (full 0):
 garbage-first heap   total reserved 1810432K, committed 70656K, used 63155K [0x0000000091800000, 0x0000000100000000)
  region size 1024K, 32 young (32768K), 1 survivors (1024K)
 Metaspace       used 78565K, committed 79168K, reserved 1179648K
  class space    used 8209K, committed 8512K, reserved 1048576K
}
Event: 115.108 GC heap after
{Heap after GC invocations=80 (full 0):
 garbage-first heap   total reserved 1810432K, committed 70656K, used 32318K [0x0000000091800000, 0x0000000100000000)
  region size 1024K, 1 young (1024K), 1 survivors (1024K)
 Metaspace       used 78565K, committed 79168K, reserved 1179648K
  class space    used 8209K, committed 8512K, reserved 1048576K
}
Event: 115.638 GC heap before
{Heap before GC invocations=80 (full 0):
 garbage-first heap   total reserved 1810432K, committed 70656K, used 63038K [0x0000000091800000, 0x0000000100000000)
  region size 1024K, 32 young (32768K), 1 survivors (1024K)
 Metaspace       used 78565K, committed 79168K, reserved 1179648K
  class space    used 8209K, committed 8512K, reserved 1048576K
}
Event: 115.641 GC heap after
{Heap after GC invocations=81 (full 0):
 garbage-first heap   total reserved 1810432K, committed 70656K, used 32301K [0x0000000091800000, 0x0000000100000000)
  region size 1024K, 1 young (1024K), 1 survivors (1024K)
 Metaspace       used 78565K, committed 79168K, reserved 1179648K
  class space    used 8209K, committed 8512K, reserved 1048576K
}
Event: 116.306 GC heap before
{Heap before GC invocations=82 (full 0):
 garbage-first heap   total reserved 1810432K, committed 70656K, used 63021K [0x0000000091800000, 0x0000000100000000)
  region size 1024K, 32 young (32768K), 1 survivors (1024K)
 Metaspace       used 78565K, committed 79168K, reserved 1179648K
  class space    used 8209K, committed 8512K, reserved 1048576K
}
Event: 116.308 GC heap after
{Heap after GC invocations=83 (full 0):
 garbage-first heap   total reserved 1810432K, committed 70656K, used 32414K [0x0000000091800000, 0x0000000100000000)
  region size 1024K, 1 young (1024K), 1 survivors (1024K)
 Metaspace       used 78565K, committed 79168K, reserved 1179648K
  class space    used 8209K, committed 8512K, reserved 1048576K
}
Event: 117.242 GC heap before
{Heap before GC invocations=83 (full 0):
 garbage-first heap   total reserved 1810432K, committed 70656K, used 63134K [0x0000000091800000, 0x0000000100000000)
  region size 1024K, 32 young (32768K), 1 survivors (1024K)
 Metaspace       used 78566K, committed 79168K, reserved 1179648K
  class space    used 8209K, committed 8512K, reserved 1048576K
}
Event: 117.245 GC heap after
{Heap after GC invocations=84 (full 0):
 garbage-first heap   total reserved 1810432K, committed 70656K, used 32342K [0x0000000091800000, 0x0000000100000000)
  region size 1024K, 1 young (1024K), 1 survivors (1024K)
 Metaspace       used 78566K, committed 79168K, reserved 1179648K
  class space    used 8209K, committed 8512K, reserved 1048576K
}

